<?xml version="1.0" encoding="UTF-8"?>
<testsuite xmlns:xsi="http://www.w3.org/2001/XMLSchema-instance" xsi:noNamespaceSchemaLocation="https://maven.apache.org/surefire/maven-surefire-plugin/xsd/surefire-test-report.xsd" name="com.mycompany.app.AppTest" time="0.063" tests="1" errors="0" skipped="0" failures="0">
  <properties>
    <property name="sun.desktop" value="windows"/>
    <property name="awt.toolkit" value="sun.awt.windows.WToolkit"/>
    <property name="file.encoding.pkg" value="sun.io"/>
    <property name="java.specification.version" value="1.8"/>
    <property name="sun.cpu.isalist" value="amd64"/>
    <property name="sun.jnu.encoding" value="Cp1252"/>
    <property name="java.class.path" value="F:\manikanta gadamsetty\workspace\my-app\target\test-classes;F:\manikanta gadamsetty\workspace\my-app\target\classes;C:\Users\Manikanta\.m2\repository\junit\junit\4.11\junit-4.11.jar;C:\Users\Manikanta\.m2\repository\org\hamcrest\hamcrest-core\1.3\hamcrest-core-1.3.jar;"/>
    <property name="java.vm.vendor" value="Oracle Corporation"/>
    <property name="sun.arch.data.model" value="64"/>
    <property name="user.variant" value=""/>
    <property name="java.vendor.url" value="http://java.oracle.com/"/>
    <property name="user.timezone" value="Asia/Calcutta"/>
    <property name="java.vm.specification.version" value="1.8"/>
    <property name="os.name" value="Windows 8.1"/>
    <property name="user.country" value="US"/>
    <property name="sun.java.launcher" value="SUN_STANDARD"/>
    <property name="sun.boot.library.path" value="F:\manikanta gadamsetty\jdk1.8.0_45\jre\bin"/>
    <property name="sun.java.command" value="C:\Users\MANIKA~1\AppData\Local\Temp\surefire353766479991305068\surefirebooter5110822397553801156.jar C:\Users\Manikanta\AppData\Local\Temp\surefire353766479991305068 2020-07-09T16-40-53_066-jvmRun1 surefire2485480648761407797tmp surefire_02306339534199398781tmp"/>
    <property name="surefire.test.class.path" value="F:\manikanta gadamsetty\workspace\my-app\target\test-classes;F:\manikanta gadamsetty\workspace\my-app\target\classes;C:\Users\Manikanta\.m2\repository\junit\junit\4.11\junit-4.11.jar;C:\Users\Manikanta\.m2\repository\org\hamcrest\hamcrest-core\1.3\hamcrest-core-1.3.jar;"/>
    <property name="sun.cpu.endian" value="little"/>
    <property name="user.home" value="C:\Users\Manikanta"/>
    <property name="user.language" value="en"/>
    <property name="java.specification.vendor" value="Oracle Corporation"/>
    <property name="java.home" value="F:\manikanta gadamsetty\jdk1.8.0_45\jre"/>
    <property name="basedir" value="F:\manikanta gadamsetty\workspace\my-app"/>
    <property name="file.separator" value="\"/>
    <property name="line.separator" value="&#10;"/>
    <property name="java.vm.specification.vendor" value="Oracle Corporation"/>
    <property name="java.specification.name" value="Java Platform API Specification"/>
    <property name="java.awt.graphicsenv" value="sun.awt.Win32GraphicsEnvironment"/>
    <property name="surefire.real.class.path" value="C:\Users\MANIKA~1\AppData\Local\Temp\surefire353766479991305068\surefirebooter5110822397553801156.jar"/>
    <property name="sun.boot.class.path" value="F:\manikanta gadamsetty\jdk1.8.0_45\jre\lib\resources.jar;F:\manikanta gadamsetty\jdk1.8.0_45\jre\lib\rt.jar;F:\manikanta gadamsetty\jdk1.8.0_45\jre\lib\sunrsasign.jar;F:\manikanta gadamsetty\jdk1.8.0_45\jre\lib\jsse.jar;F:\manikanta gadamsetty\jdk1.8.0_45\jre\lib\jce.jar;F:\manikanta gadamsetty\jdk1.8.0_45\jre\lib\charsets.jar;F:\manikanta gadamsetty\jdk1.8.0_45\jre\lib\jfr.jar;F:\manikanta gadamsetty\jdk1.8.0_45\jre\classes"/>
    <property name="user.script" value=""/>
    <property name="sun.management.compiler" value="HotSpot 64-Bit Tiered Compilers"/>
    <property name="java.runtime.version" value="1.8.0_45-b15"/>
    <property name="user.name" value="Manikanta"/>
    <property name="path.separator" value=";"/>
    <property name="os.version" value="6.3"/>
    <property name="java.endorsed.dirs" value="F:\manikanta gadamsetty\jdk1.8.0_45\jre\lib\endorsed"/>
    <property name="java.runtime.name" value="Java(TM) SE Runtime Environment"/>
    <property name="file.encoding" value="Cp1252"/>
    <property name="java.vm.name" value="Java HotSpot(TM) 64-Bit Server VM"/>
    <property name="localRepository" value="C:\Users\Manikanta\.m2\repository"/>
    <property name="java.vendor.url.bug" value="http://bugreport.sun.com/bugreport/"/>
    <property name="java.io.tmpdir" value="C:\Users\MANIKA~1\AppData\Local\Temp\"/>
    <property name="java.version" value="1.8.0_45"/>
    <property name="user.dir" value="F:\manikanta gadamsetty\workspace\my-app"/>
    <property name="os.arch" value="amd64"/>
    <property name="java.vm.specification.name" value="Java Virtual Machine Specification"/>
    <property name="java.awt.printerjob" value="sun.awt.windows.WPrinterJob"/>
    <property name="sun.os.patch.level" value=""/>
    <property name="java.library.path" value="F:\manikanta gadamsetty\jdk1.8.0_45\jre\bin;C:\Windows\Sun\Java\bin;C:\Windows\system32;C:\Windows;C:\Windows\system32;C:\Windows;C:\Windows\System32\Wbem;C:\Windows\System32\WindowsPowerShell\v1.0\;C:\Users\Manikanta\AppData\Local\Programs\Microsoft VS Code\bin;F:\manikanta gadamsetty\jdk1.8.0_45\bin;F:\manikanta gadamsetty\apache-maven-3.6.3\bin;;."/>
    <property name="java.vm.info" value="mixed mode"/>
    <property name="java.vendor" value="Oracle Corporation"/>
    <property name="java.vm.version" value="25.45-b02"/>
    <property name="java.ext.dirs" value="F:\manikanta gadamsetty\jdk1.8.0_45\jre\lib\ext;C:\Windows\Sun\Java\lib\ext"/>
    <property name="sun.io.unicode.encoding" value="UnicodeLittle"/>
    <property name="java.class.version" value="52.0"/>
  </properties>
  <testcase name="shouldAnswerWithTrue" classname="com.mycompany.app.AppTest" time="0"/>
</testsuite>